0 info it worked if it ends with ok
1 verbose cli [ '/usr/bin/nodejs', '/usr/bin/npm', 'start' ]
2 info using npm@3.10.8
3 info using node@v6.9.1
4 verbose run-script [ 'prestart', 'start', 'poststart' ]
5 info lifecycle lademeuredelarche@1.0.0~prestart: lademeuredelarche@1.0.0
6 silly lifecycle lademeuredelarche@1.0.0~prestart: no script for prestart, continuing
7 info lifecycle lademeuredelarche@1.0.0~start: lademeuredelarche@1.0.0
8 verbose lifecycle lademeuredelarche@1.0.0~start: unsafe-perm in lifecycle true
9 verbose lifecycle lademeuredelarche@1.0.0~start: PATH: /usr/lib/node_modules/npm/bin/node-gyp-bin:/home/celine/Wild Code School/Demeure-Arche/node_modules/.bin:/home/celine/.rvm/gems/ruby-2.3.0/bin:/home/celine/.rvm/gems/ruby-2.3.0@global/bin:/home/celine/.rvm/rubies/ruby-2.3.0/bin:/home/celine/bin:/home/celine/.local/bin:/usr/local/sbin:/usr/local/bin:/usr/sbin:/usr/bin:/sbin:/bin:/usr/games:/usr/local/games:/snap/bin:/home/celine/.rvm/bin
10 verbose lifecycle lademeuredelarche@1.0.0~start: CWD: /home/celine/Wild Code School/Demeure-Arche
11 silly lifecycle lademeuredelarche@1.0.0~start: Args: [ '-c', 'nodemon app.js' ]
12 info lifecycle lademeuredelarche@1.0.0~start: Failed to exec start script
13 verbose stack Error: lademeuredelarche@1.0.0 start: `nodemon app.js`
13 verbose stack spawn ENOENT
13 verbose stack     at ChildProcess.<anonymous> (/usr/lib/node_modules/npm/lib/utils/spawn.js:33:16)
13 verbose stack     at emitTwo (events.js:106:13)
13 verbose stack     at ChildProcess.emit (events.js:191:7)
13 verbose stack     at maybeClose (internal/child_process.js:877:16)
13 verbose stack     at Process.ChildProcess._handle.onexit (internal/child_process.js:226:5)
14 verbose pkgid lademeuredelarche@1.0.0
15 verbose cwd /home/celine/Wild Code School/Demeure-Arche
16 error Linux 4.4.0-51-generic
17 error argv "/usr/bin/nodejs" "/usr/bin/npm" "start"
18 error node v6.9.1
19 error npm  v3.10.8
20 error file sh
21 error code ELIFECYCLE
22 error errno ENOENT
23 error syscall spawn
24 error lademeuredelarche@1.0.0 start: `nodemon app.js`
24 error spawn ENOENT
25 error Failed at the lademeuredelarche@1.0.0 start script 'nodemon app.js'.
25 error Make sure you have the latest version of node.js and npm installed.
25 error If you do, this is most likely a problem with the lademeuredelarche package,
25 error not with npm itself.
25 error Tell the author that this fails on your system:
25 error     nodemon app.js
25 error You can get information on how to open an issue for this project with:
25 error     npm bugs lademeuredelarche
25 error Or if that isn't available, you can get their info via:
25 error     npm owner ls lademeuredelarche
25 error There is likely additional logging output above.
26 verbose exit [ 1, true ]
